<?xml version="1.0" encoding="UTF-8"?>
<!-- Generated by org.testng.reporters.JUnitXMLReporter -->
<testsuite ignored="0" hostname="DESKTOP-4K8BJUH" failures="1" tests="4" name="Error Validation Test" time="28.444" errors="0" timestamp="2024-04-06T14:43:41 IST">
  <testcase classname="tutorialProjectPackage.ErrorValidations" name="Pdterrorvalidation" time="4.183"/>
  <testcase classname="tutorialProjectPackage.ErrorValidations" name="errorValidations" time="0.683">
    <skipped/>
  </testcase> <!-- errorValidations -->
  <testcase classname="tutorialProjectPackage.ErrorValidations" name="errorValidations" time="0.947">
    <skipped/>
  </testcase> <!-- errorValidations -->
  <testcase classname="tutorialProjectPackage.ErrorValidations" name="errorValidations" time="0.532">
    <failure type="java.lang.AssertionError" message="expected [Incorrect email or password.] but found [Incorrect email  password.]">
      <![CDATA[java.lang.AssertionError: expected [Incorrect email or password.] but found [Incorrect email  password.]
at tutorialProjectPackage.ErrorValidations.errorValidations(ErrorValidations.java:25)
at java.base/java.util.ArrayList.forEach(ArrayList.java:1596)
at java.base/java.util.concurrent.FutureTask.run(FutureTask.java:317)
at java.base/java.util.concurrent.ThreadPoolExecutor.runWorker(ThreadPoolExecutor.java:1144)
at java.base/java.util.concurrent.ThreadPoolExecutor$Worker.run(ThreadPoolExecutor.java:642)
at java.base/java.lang.Thread.run(Thread.java:1583)
... Removed 21 stack frames]]>
    </failure>
  </testcase> <!-- errorValidations -->
</testsuite> <!-- Error Validation Test -->
